\BOOKMARK [1][]{section.12}{0 Project Setup}{}% 1
\BOOKMARK [1][]{section.13}{1 Introduction}{}% 2
\BOOKMARK [1][]{section.15}{2 Fundamentals and Related Work}{}% 3
\BOOKMARK [2][]{subsection.16}{2.1 Basics from Molecular Biology}{section.15}% 4
\BOOKMARK [3][]{subsubsection.17}{2.1.1 Genome Sequences}{subsection.16}% 5
\BOOKMARK [3][]{subsubsection.20}{2.1.2 Protein Biosynthesis}{subsection.16}% 6
\BOOKMARK [3][]{subsubsection.27}{2.1.3 Structure of SARS-CoV-2}{subsection.16}% 7
\BOOKMARK [3][]{subsubsection.32}{2.1.4 Relationships between Biological Objects}{subsection.16}% 8
\BOOKMARK [2][]{subsection.34}{2.2 From Probabilistic Language Models to modeling Evolution Theory}{section.15}% 9
\BOOKMARK [2][]{subsection.43}{2.3 GISAID EpiFlu Data Platform}{section.15}% 10
\BOOKMARK [2][]{subsection.45}{2.4 Domain-Specific Methodologies to create Evolutionary Datasets for Mutation Prediction}{section.15}% 11
\BOOKMARK [2][]{subsection.46}{2.5 Previous Work on Mutation Prediction}{section.15}% 12
\BOOKMARK [2][]{subsection.47}{2.6 Sequence-to-Sequence Models based on Long Short-Term Memory}{section.15}% 13
\BOOKMARK [2][]{subsection.53}{2.7 Applying Generative Adversarial Networks}{section.15}% 14
\BOOKMARK [2][]{subsection.55}{2.8 Transformer and Attention Mechanism}{section.15}% 15
\BOOKMARK [1][]{section.61}{3 Approach}{}% 16
\BOOKMARK [2][]{subsection.63}{3.1 Dataset Creation}{section.61}% 17
\BOOKMARK [3][]{subsubsection.64}{3.1.1 Raw Data Selection from GISAID}{subsection.63}% 18
\BOOKMARK [3][]{subsubsection.67}{3.1.2 Generation of a Phylogenetic Tree}{subsection.63}% 19
\BOOKMARK [3][]{subsubsection.69}{3.1.3 Phylogenetic Tree to Dataset}{subsection.63}% 20
\BOOKMARK [2][]{subsection.70}{3.2 Data Preprocessing}{section.61}% 21
\BOOKMARK [3][]{subsubsection.71}{3.2.1 Dimensionality Reduction by selecting Subpart of the Genome}{subsection.70}% 22
\BOOKMARK [3][]{subsubsection.72}{3.2.2 Transformation of Genome Sequence to Numeric Model Input}{subsection.70}% 23
\BOOKMARK [2][]{subsection.73}{3.3 Model Architecture}{section.61}% 24
\BOOKMARK [2][]{subsection.76}{3.4 Training Process}{section.61}% 25
\BOOKMARK [1][]{section.79}{4 Experimental Results}{}% 26
\BOOKMARK [2][]{subsection.80}{4.1 Dataset Insights}{section.79}% 27
\BOOKMARK [3][]{subsubsection.81}{4.1.1 Complete Dataset}{subsection.80}% 28
\BOOKMARK [3][]{subsubsection.84}{4.1.2 Preprocessed Dataset}{subsection.80}% 29
\BOOKMARK [2][]{subsection.87}{4.2 Evaluation}{section.79}% 30
\BOOKMARK [3][]{subsubsection.88}{4.2.1 Evaluation Criteria}{subsection.87}% 31
\BOOKMARK [3][]{subsubsection.90}{4.2.2 Training Phase and Evaluation}{subsection.87}% 32
\BOOKMARK [1][]{section.93}{5 Conclusion}{}% 33
